{"/home/parameterization/code/2real-team-framework/node/src/bootstrap.ts": {"path":"/home/parameterization/code/2real-team-framework/node/src/bootstrap.ts","all":false,"statementMap":{"4":{"start":{"line":5,"column":0},"end":{"line":5,"column":102}},"5":{"start":{"line":6,"column":0},"end":{"line":6,"column":51}},"6":{"start":{"line":7,"column":0},"end":{"line":7,"column":41}},"7":{"start":{"line":8,"column":0},"end":{"line":8,"column":32}},"9":{"start":{"line":10,"column":0},"end":{"line":10,"column":50}},"10":{"start":{"line":11,"column":0},"end":{"line":11,"column":38}},"16":{"start":{"line":17,"column":0},"end":{"line":17,"column":47}},"18":{"start":{"line":19,"column":0},"end":{"line":19,"column":45}},"19":{"start":{"line":20,"column":0},"end":{"line":20,"column":34}},"21":{"start":{"line":22,"column":0},"end":{"line":22,"column":43}},"22":{"start":{"line":23,"column":0},"end":{"line":23,"column":1}},"24":{"start":{"line":25,"column":0},"end":{"line":25,"column":50}},"25":{"start":{"line":26,"column":0},"end":{"line":26,"column":46}},"26":{"start":{"line":27,"column":0},"end":{"line":27,"column":44}},"63":{"start":{"line":64,"column":0},"end":{"line":64,"column":44}},"64":{"start":{"line":65,"column":0},"end":{"line":65,"column":47}},"65":{"start":{"line":66,"column":0},"end":{"line":66,"column":1}},"68":{"start":{"line":69,"column":0},"end":{"line":69,"column":28}},"69":{"start":{"line":70,"column":0},"end":{"line":70,"column":68}},"70":{"start":{"line":71,"column":0},"end":{"line":71,"column":71}},"71":{"start":{"line":72,"column":0},"end":{"line":72,"column":66}},"72":{"start":{"line":73,"column":0},"end":{"line":73,"column":70}},"73":{"start":{"line":74,"column":0},"end":{"line":74,"column":68}},"74":{"start":{"line":75,"column":0},"end":{"line":75,"column":69}},"75":{"start":{"line":76,"column":0},"end":{"line":76,"column":64}},"76":{"start":{"line":77,"column":0},"end":{"line":77,"column":2}},"78":{"start":{"line":79,"column":0},"end":{"line":79,"column":27}},"79":{"start":{"line":80,"column":0},"end":{"line":80,"column":67}},"80":{"start":{"line":81,"column":0},"end":{"line":81,"column":69}},"81":{"start":{"line":82,"column":0},"end":{"line":82,"column":70}},"82":{"start":{"line":83,"column":0},"end":{"line":83,"column":63}},"83":{"start":{"line":84,"column":0},"end":{"line":84,"column":64}},"84":{"start":{"line":85,"column":0},"end":{"line":85,"column":69}},"85":{"start":{"line":86,"column":0},"end":{"line":86,"column":60}},"86":{"start":{"line":87,"column":0},"end":{"line":87,"column":59}},"87":{"start":{"line":88,"column":0},"end":{"line":88,"column":2}},"89":{"start":{"line":90,"column":0},"end":{"line":90,"column":37}},"90":{"start":{"line":91,"column":0},"end":{"line":91,"column":80}},"91":{"start":{"line":92,"column":0},"end":{"line":92,"column":72}},"92":{"start":{"line":93,"column":0},"end":{"line":93,"column":66}},"93":{"start":{"line":94,"column":0},"end":{"line":94,"column":58}},"94":{"start":{"line":95,"column":0},"end":{"line":95,"column":62}},"95":{"start":{"line":96,"column":0},"end":{"line":96,"column":74}},"96":{"start":{"line":97,"column":0},"end":{"line":97,"column":74}},"97":{"start":{"line":98,"column":0},"end":{"line":98,"column":64}},"98":{"start":{"line":99,"column":0},"end":{"line":99,"column":2}},"100":{"start":{"line":101,"column":0},"end":{"line":101,"column":39}},"101":{"start":{"line":102,"column":0},"end":{"line":102,"column":53}},"102":{"start":{"line":103,"column":0},"end":{"line":103,"column":1}},"104":{"start":{"line":105,"column":0},"end":{"line":105,"column":67}},"105":{"start":{"line":106,"column":0},"end":{"line":106,"column":33}},"106":{"start":{"line":107,"column":0},"end":{"line":107,"column":44}},"107":{"start":{"line":108,"column":0},"end":{"line":108,"column":42}},"108":{"start":{"line":109,"column":0},"end":{"line":109,"column":36}},"109":{"start":{"line":110,"column":0},"end":{"line":110,"column":46}},"110":{"start":{"line":111,"column":0},"end":{"line":111,"column":3}},"111":{"start":{"line":112,"column":0},"end":{"line":112,"column":52}},"112":{"start":{"line":113,"column":0},"end":{"line":113,"column":1}},"114":{"start":{"line":115,"column":0},"end":{"line":115,"column":85}},"115":{"start":{"line":116,"column":0},"end":{"line":116,"column":82}},"116":{"start":{"line":117,"column":0},"end":{"line":117,"column":15}},"117":{"start":{"line":118,"column":0},"end":{"line":118,"column":64}},"118":{"start":{"line":119,"column":0},"end":{"line":119,"column":3}},"119":{"start":{"line":120,"column":0},"end":{"line":120,"column":52}},"120":{"start":{"line":121,"column":0},"end":{"line":121,"column":1}},"122":{"start":{"line":123,"column":0},"end":{"line":123,"column":43}},"123":{"start":{"line":124,"column":0},"end":{"line":124,"column":49}},"124":{"start":{"line":125,"column":0},"end":{"line":125,"column":26}},"125":{"start":{"line":126,"column":0},"end":{"line":126,"column":47}},"126":{"start":{"line":127,"column":0},"end":{"line":127,"column":3}},"127":{"start":{"line":128,"column":0},"end":{"line":128,"column":49}},"128":{"start":{"line":129,"column":0},"end":{"line":129,"column":1}},"130":{"start":{"line":131,"column":0},"end":{"line":131,"column":41}},"131":{"start":{"line":132,"column":0},"end":{"line":132,"column":42}},"132":{"start":{"line":133,"column":0},"end":{"line":133,"column":33}},"133":{"start":{"line":134,"column":0},"end":{"line":134,"column":39}},"134":{"start":{"line":135,"column":0},"end":{"line":135,"column":83}},"135":{"start":{"line":136,"column":0},"end":{"line":136,"column":1}},"137":{"start":{"line":138,"column":0},"end":{"line":138,"column":81}},"138":{"start":{"line":139,"column":0},"end":{"line":139,"column":41}},"139":{"start":{"line":140,"column":0},"end":{"line":140,"column":26}},"140":{"start":{"line":141,"column":0},"end":{"line":141,"column":51}},"141":{"start":{"line":142,"column":0},"end":{"line":142,"column":3}},"142":{"start":{"line":143,"column":0},"end":{"line":143,"column":47}},"143":{"start":{"line":144,"column":0},"end":{"line":144,"column":44}},"144":{"start":{"line":145,"column":0},"end":{"line":145,"column":1}},"146":{"start":{"line":147,"column":0},"end":{"line":147,"column":78}},"147":{"start":{"line":148,"column":0},"end":{"line":148,"column":38}},"148":{"start":{"line":149,"column":0},"end":{"line":149,"column":35}},"149":{"start":{"line":150,"column":0},"end":{"line":150,"column":47}},"150":{"start":{"line":151,"column":0},"end":{"line":151,"column":44}},"151":{"start":{"line":152,"column":0},"end":{"line":152,"column":1}},"153":{"start":{"line":154,"column":0},"end":{"line":154,"column":72}},"154":{"start":{"line":155,"column":0},"end":{"line":155,"column":38}},"155":{"start":{"line":156,"column":0},"end":{"line":156,"column":31}},"157":{"start":{"line":158,"column":0},"end":{"line":158,"column":20}},"158":{"start":{"line":159,"column":0},"end":{"line":159,"column":27}},"159":{"start":{"line":160,"column":0},"end":{"line":160,"column":48}},"160":{"start":{"line":161,"column":0},"end":{"line":161,"column":56}},"161":{"start":{"line":162,"column":0},"end":{"line":162,"column":9}},"162":{"start":{"line":163,"column":0},"end":{"line":163,"column":23}},"163":{"start":{"line":164,"column":0},"end":{"line":164,"column":25}},"164":{"start":{"line":165,"column":0},"end":{"line":165,"column":38}},"165":{"start":{"line":166,"column":0},"end":{"line":166,"column":70}},"166":{"start":{"line":167,"column":0},"end":{"line":167,"column":10}},"167":{"start":{"line":168,"column":0},"end":{"line":168,"column":9}},"168":{"start":{"line":169,"column":0},"end":{"line":169,"column":26}},"169":{"start":{"line":170,"column":0},"end":{"line":170,"column":12}},"170":{"start":{"line":171,"column":0},"end":{"line":171,"column":75}},"171":{"start":{"line":172,"column":0},"end":{"line":172,"column":22}},"172":{"start":{"line":173,"column":0},"end":{"line":173,"column":5}},"173":{"start":{"line":174,"column":0},"end":{"line":174,"column":3}},"175":{"start":{"line":176,"column":0},"end":{"line":176,"column":41}},"176":{"start":{"line":177,"column":0},"end":{"line":177,"column":82}},"177":{"start":{"line":178,"column":0},"end":{"line":178,"column":61}},"180":{"start":{"line":181,"column":0},"end":{"line":181,"column":33}},"181":{"start":{"line":182,"column":0},"end":{"line":182,"column":35}},"183":{"start":{"line":184,"column":0},"end":{"line":184,"column":36}},"184":{"start":{"line":185,"column":0},"end":{"line":185,"column":33}},"185":{"start":{"line":186,"column":0},"end":{"line":186,"column":71}},"186":{"start":{"line":187,"column":0},"end":{"line":187,"column":47}},"187":{"start":{"line":188,"column":0},"end":{"line":188,"column":42}},"188":{"start":{"line":189,"column":0},"end":{"line":189,"column":25}},"189":{"start":{"line":190,"column":0},"end":{"line":190,"column":20}},"190":{"start":{"line":191,"column":0},"end":{"line":191,"column":23}},"191":{"start":{"line":192,"column":0},"end":{"line":192,"column":42}},"192":{"start":{"line":193,"column":0},"end":{"line":193,"column":24}},"193":{"start":{"line":194,"column":0},"end":{"line":194,"column":26}},"194":{"start":{"line":195,"column":0},"end":{"line":195,"column":38}},"195":{"start":{"line":196,"column":0},"end":{"line":196,"column":23}},"196":{"start":{"line":197,"column":0},"end":{"line":197,"column":56}},"197":{"start":{"line":198,"column":0},"end":{"line":198,"column":9}},"198":{"start":{"line":199,"column":0},"end":{"line":199,"column":5}},"199":{"start":{"line":200,"column":0},"end":{"line":200,"column":3}},"201":{"start":{"line":202,"column":0},"end":{"line":202,"column":36}},"202":{"start":{"line":203,"column":0},"end":{"line":203,"column":32}},"203":{"start":{"line":204,"column":0},"end":{"line":204,"column":71}},"204":{"start":{"line":205,"column":0},"end":{"line":205,"column":47}},"205":{"start":{"line":206,"column":0},"end":{"line":206,"column":42}},"206":{"start":{"line":207,"column":0},"end":{"line":207,"column":25}},"207":{"start":{"line":208,"column":0},"end":{"line":208,"column":20}},"208":{"start":{"line":209,"column":0},"end":{"line":209,"column":23}},"209":{"start":{"line":210,"column":0},"end":{"line":210,"column":42}},"210":{"start":{"line":211,"column":0},"end":{"line":211,"column":24}},"211":{"start":{"line":212,"column":0},"end":{"line":212,"column":26}},"212":{"start":{"line":213,"column":0},"end":{"line":213,"column":38}},"213":{"start":{"line":214,"column":0},"end":{"line":214,"column":23}},"214":{"start":{"line":215,"column":0},"end":{"line":215,"column":56}},"215":{"start":{"line":216,"column":0},"end":{"line":216,"column":9}},"216":{"start":{"line":217,"column":0},"end":{"line":217,"column":5}},"217":{"start":{"line":218,"column":0},"end":{"line":218,"column":3}},"219":{"start":{"line":220,"column":0},"end":{"line":220,"column":71}},"222":{"start":{"line":223,"column":0},"end":{"line":223,"column":50}},"223":{"start":{"line":224,"column":0},"end":{"line":224,"column":44}},"224":{"start":{"line":225,"column":0},"end":{"line":225,"column":54}},"225":{"start":{"line":226,"column":0},"end":{"line":226,"column":44}},"226":{"start":{"line":227,"column":0},"end":{"line":227,"column":44}},"228":{"start":{"line":229,"column":0},"end":{"line":229,"column":31}},"231":{"start":{"line":232,"column":0},"end":{"line":232,"column":65}},"232":{"start":{"line":233,"column":0},"end":{"line":233,"column":54}},"233":{"start":{"line":234,"column":0},"end":{"line":234,"column":42}},"236":{"start":{"line":237,"column":0},"end":{"line":237,"column":28}},"237":{"start":{"line":238,"column":0},"end":{"line":238,"column":100}},"238":{"start":{"line":239,"column":0},"end":{"line":239,"column":80}},"239":{"start":{"line":240,"column":0},"end":{"line":240,"column":63}},"240":{"start":{"line":241,"column":0},"end":{"line":241,"column":69}},"241":{"start":{"line":242,"column":0},"end":{"line":242,"column":34}},"242":{"start":{"line":243,"column":0},"end":{"line":243,"column":69}},"243":{"start":{"line":244,"column":0},"end":{"line":244,"column":3}},"246":{"start":{"line":247,"column":0},"end":{"line":247,"column":68}},"247":{"start":{"line":248,"column":0},"end":{"line":248,"column":57}},"248":{"start":{"line":249,"column":0},"end":{"line":249,"column":47}},"251":{"start":{"line":252,"column":0},"end":{"line":252,"column":71}},"252":{"start":{"line":253,"column":0},"end":{"line":253,"column":60}},"253":{"start":{"line":254,"column":0},"end":{"line":254,"column":47}},"256":{"start":{"line":257,"column":0},"end":{"line":257,"column":65}},"257":{"start":{"line":258,"column":0},"end":{"line":258,"column":64}},"258":{"start":{"line":259,"column":0},"end":{"line":259,"column":36}},"261":{"start":{"line":262,"column":0},"end":{"line":262,"column":38}},"262":{"start":{"line":263,"column":0},"end":{"line":263,"column":66}},"263":{"start":{"line":264,"column":0},"end":{"line":264,"column":19}},"264":{"start":{"line":265,"column":0},"end":{"line":265,"column":62}},"265":{"start":{"line":266,"column":0},"end":{"line":266,"column":49}},"266":{"start":{"line":267,"column":0},"end":{"line":267,"column":5}},"267":{"start":{"line":268,"column":0},"end":{"line":268,"column":3}},"269":{"start":{"line":270,"column":0},"end":{"line":270,"column":52}},"270":{"start":{"line":271,"column":0},"end":{"line":271,"column":28}},"271":{"start":{"line":272,"column":0},"end":{"line":272,"column":26}},"272":{"start":{"line":273,"column":0},"end":{"line":273,"column":3}},"273":{"start":{"line":274,"column":0},"end":{"line":274,"column":69}},"274":{"start":{"line":275,"column":0},"end":{"line":275,"column":1}},"287":{"start":{"line":288,"column":0},"end":{"line":288,"column":57}},"288":{"start":{"line":289,"column":0},"end":{"line":289,"column":38}},"289":{"start":{"line":290,"column":0},"end":{"line":290,"column":62}},"291":{"start":{"line":292,"column":0},"end":{"line":292,"column":31}},"292":{"start":{"line":293,"column":0},"end":{"line":293,"column":84}},"293":{"start":{"line":294,"column":0},"end":{"line":294,"column":20}},"294":{"start":{"line":295,"column":0},"end":{"line":295,"column":3}},"296":{"start":{"line":297,"column":0},"end":{"line":297,"column":23}},"297":{"start":{"line":298,"column":0},"end":{"line":298,"column":14}},"298":{"start":{"line":299,"column":0},"end":{"line":299,"column":35}},"299":{"start":{"line":300,"column":0},"end":{"line":300,"column":78}},"300":{"start":{"line":301,"column":0},"end":{"line":301,"column":58}},"301":{"start":{"line":302,"column":0},"end":{"line":302,"column":5}},"302":{"start":{"line":303,"column":0},"end":{"line":303,"column":45}},"303":{"start":{"line":304,"column":0},"end":{"line":304,"column":30}},"304":{"start":{"line":305,"column":0},"end":{"line":305,"column":3}},"306":{"start":{"line":307,"column":0},"end":{"line":307,"column":32}},"307":{"start":{"line":308,"column":0},"end":{"line":308,"column":25}},"308":{"start":{"line":309,"column":0},"end":{"line":309,"column":40}},"309":{"start":{"line":310,"column":0},"end":{"line":310,"column":39}},"311":{"start":{"line":312,"column":0},"end":{"line":312,"column":44}},"312":{"start":{"line":313,"column":0},"end":{"line":313,"column":9}},"313":{"start":{"line":314,"column":0},"end":{"line":314,"column":20}},"314":{"start":{"line":315,"column":0},"end":{"line":315,"column":22}},"315":{"start":{"line":316,"column":0},"end":{"line":316,"column":10}},"316":{"start":{"line":317,"column":0},"end":{"line":317,"column":34}},"317":{"start":{"line":318,"column":0},"end":{"line":318,"column":4}},"319":{"start":{"line":320,"column":0},"end":{"line":320,"column":66}},"320":{"start":{"line":321,"column":0},"end":{"line":321,"column":76}},"321":{"start":{"line":322,"column":0},"end":{"line":322,"column":64}},"322":{"start":{"line":323,"column":0},"end":{"line":323,"column":67}},"323":{"start":{"line":324,"column":0},"end":{"line":324,"column":32}},"325":{"start":{"line":326,"column":0},"end":{"line":326,"column":77}},"326":{"start":{"line":327,"column":0},"end":{"line":327,"column":1}},"335":{"start":{"line":336,"column":0},"end":{"line":336,"column":57}},"336":{"start":{"line":337,"column":0},"end":{"line":337,"column":38}},"337":{"start":{"line":338,"column":0},"end":{"line":338,"column":62}},"339":{"start":{"line":340,"column":0},"end":{"line":340,"column":31}},"340":{"start":{"line":341,"column":0},"end":{"line":341,"column":55}},"341":{"start":{"line":342,"column":0},"end":{"line":342,"column":20}},"342":{"start":{"line":343,"column":0},"end":{"line":343,"column":3}},"344":{"start":{"line":345,"column":0},"end":{"line":345,"column":81}},"345":{"start":{"line":346,"column":0},"end":{"line":346,"column":46}},"346":{"start":{"line":347,"column":0},"end":{"line":347,"column":63}},"347":{"start":{"line":348,"column":0},"end":{"line":348,"column":4}},"349":{"start":{"line":350,"column":0},"end":{"line":350,"column":27}},"350":{"start":{"line":351,"column":0},"end":{"line":351,"column":75}},"351":{"start":{"line":352,"column":0},"end":{"line":352,"column":20}},"352":{"start":{"line":353,"column":0},"end":{"line":353,"column":3}},"354":{"start":{"line":355,"column":0},"end":{"line":355,"column":26}},"355":{"start":{"line":356,"column":0},"end":{"line":356,"column":39}},"356":{"start":{"line":357,"column":0},"end":{"line":357,"column":54}},"357":{"start":{"line":358,"column":0},"end":{"line":358,"column":33}},"358":{"start":{"line":359,"column":0},"end":{"line":359,"column":52}},"359":{"start":{"line":360,"column":0},"end":{"line":360,"column":3}},"360":{"start":{"line":361,"column":0},"end":{"line":361,"column":1}},"362":{"start":{"line":363,"column":0},"end":{"line":363,"column":77}},"363":{"start":{"line":364,"column":0},"end":{"line":364,"column":43}},"364":{"start":{"line":365,"column":0},"end":{"line":365,"column":41}},"365":{"start":{"line":366,"column":0},"end":{"line":366,"column":60}},"366":{"start":{"line":367,"column":0},"end":{"line":367,"column":5}},"367":{"start":{"line":368,"column":0},"end":{"line":368,"column":3}},"368":{"start":{"line":369,"column":0},"end":{"line":369,"column":14}},"369":{"start":{"line":370,"column":0},"end":{"line":370,"column":1}},"371":{"start":{"line":372,"column":0},"end":{"line":372,"column":85}},"372":{"start":{"line":373,"column":0},"end":{"line":373,"column":16}},"373":{"start":{"line":374,"column":0},"end":{"line":374,"column":16}},"374":{"start":{"line":375,"column":0},"end":{"line":375,"column":20}},"375":{"start":{"line":376,"column":0},"end":{"line":376,"column":43}},"376":{"start":{"line":377,"column":0},"end":{"line":377,"column":54}},"377":{"start":{"line":378,"column":0},"end":{"line":378,"column":49}},"378":{"start":{"line":379,"column":0},"end":{"line":379,"column":7}},"379":{"start":{"line":380,"column":0},"end":{"line":380,"column":18}},"380":{"start":{"line":381,"column":0},"end":{"line":381,"column":6}},"381":{"start":{"line":382,"column":0},"end":{"line":382,"column":16}},"382":{"start":{"line":383,"column":0},"end":{"line":383,"column":1}},"384":{"start":{"line":385,"column":0},"end":{"line":385,"column":48}},"385":{"start":{"line":386,"column":0},"end":{"line":386,"column":66}},"386":{"start":{"line":387,"column":0},"end":{"line":387,"column":1}},"388":{"start":{"line":389,"column":0},"end":{"line":389,"column":57}},"389":{"start":{"line":390,"column":0},"end":{"line":390,"column":38}},"390":{"start":{"line":391,"column":0},"end":{"line":391,"column":62}},"392":{"start":{"line":393,"column":0},"end":{"line":393,"column":81}},"393":{"start":{"line":394,"column":0},"end":{"line":394,"column":46}},"394":{"start":{"line":395,"column":0},"end":{"line":395,"column":63}},"395":{"start":{"line":396,"column":0},"end":{"line":396,"column":4}},"397":{"start":{"line":398,"column":0},"end":{"line":398,"column":27}},"398":{"start":{"line":399,"column":0},"end":{"line":399,"column":75}},"399":{"start":{"line":400,"column":0},"end":{"line":400,"column":20}},"400":{"start":{"line":401,"column":0},"end":{"line":401,"column":3}},"402":{"start":{"line":403,"column":0},"end":{"line":403,"column":45}},"403":{"start":{"line":404,"column":0},"end":{"line":404,"column":48}},"405":{"start":{"line":406,"column":0},"end":{"line":406,"column":68}},"406":{"start":{"line":407,"column":0},"end":{"line":407,"column":71}},"408":{"start":{"line":409,"column":0},"end":{"line":409,"column":35}},"409":{"start":{"line":410,"column":0},"end":{"line":410,"column":39}},"410":{"start":{"line":411,"column":0},"end":{"line":411,"column":1}},"412":{"start":{"line":413,"column":0},"end":{"line":413,"column":79}},"413":{"start":{"line":414,"column":0},"end":{"line":414,"column":38}},"414":{"start":{"line":415,"column":0},"end":{"line":415,"column":62}},"416":{"start":{"line":417,"column":0},"end":{"line":417,"column":81}},"417":{"start":{"line":418,"column":0},"end":{"line":418,"column":46}},"418":{"start":{"line":419,"column":0},"end":{"line":419,"column":63}},"419":{"start":{"line":420,"column":0},"end":{"line":420,"column":4}},"421":{"start":{"line":422,"column":0},"end":{"line":422,"column":27}},"422":{"start":{"line":423,"column":0},"end":{"line":423,"column":75}},"423":{"start":{"line":424,"column":0},"end":{"line":424,"column":20}},"424":{"start":{"line":425,"column":0},"end":{"line":425,"column":3}},"426":{"start":{"line":427,"column":0},"end":{"line":427,"column":44}},"427":{"start":{"line":428,"column":0},"end":{"line":428,"column":49}},"429":{"start":{"line":430,"column":0},"end":{"line":430,"column":68}},"430":{"start":{"line":431,"column":0},"end":{"line":431,"column":59}},"433":{"start":{"line":434,"column":0},"end":{"line":434,"column":64}},"436":{"start":{"line":437,"column":0},"end":{"line":437,"column":33}},"437":{"start":{"line":438,"column":0},"end":{"line":438,"column":76}},"438":{"start":{"line":439,"column":0},"end":{"line":439,"column":56}},"439":{"start":{"line":440,"column":0},"end":{"line":440,"column":3}},"440":{"start":{"line":441,"column":0},"end":{"line":441,"column":43}},"441":{"start":{"line":442,"column":0},"end":{"line":442,"column":37}},"442":{"start":{"line":443,"column":0},"end":{"line":443,"column":39}},"444":{"start":{"line":445,"column":0},"end":{"line":445,"column":44}},"445":{"start":{"line":446,"column":0},"end":{"line":446,"column":18}},"446":{"start":{"line":447,"column":0},"end":{"line":447,"column":9}},"447":{"start":{"line":448,"column":0},"end":{"line":448,"column":10}},"448":{"start":{"line":449,"column":0},"end":{"line":449,"column":10}},"449":{"start":{"line":450,"column":0},"end":{"line":450,"column":52}},"450":{"start":{"line":451,"column":0},"end":{"line":451,"column":4}},"452":{"start":{"line":453,"column":0},"end":{"line":453,"column":66}},"453":{"start":{"line":454,"column":0},"end":{"line":454,"column":78}},"454":{"start":{"line":455,"column":0},"end":{"line":455,"column":59}},"455":{"start":{"line":456,"column":0},"end":{"line":456,"column":65}},"456":{"start":{"line":457,"column":0},"end":{"line":457,"column":31}},"458":{"start":{"line":459,"column":0},"end":{"line":459,"column":65}},"459":{"start":{"line":460,"column":0},"end":{"line":460,"column":71}},"460":{"start":{"line":461,"column":0},"end":{"line":461,"column":1}},"462":{"start":{"line":463,"column":0},"end":{"line":463,"column":62}},"463":{"start":{"line":464,"column":0},"end":{"line":464,"column":38}},"464":{"start":{"line":465,"column":0},"end":{"line":465,"column":50}},"465":{"start":{"line":466,"column":0},"end":{"line":466,"column":54}},"466":{"start":{"line":467,"column":0},"end":{"line":467,"column":30}},"468":{"start":{"line":469,"column":0},"end":{"line":469,"column":29}},"469":{"start":{"line":470,"column":0},"end":{"line":470,"column":91}},"470":{"start":{"line":471,"column":0},"end":{"line":471,"column":20}},"471":{"start":{"line":472,"column":0},"end":{"line":472,"column":3}},"473":{"start":{"line":474,"column":0},"end":{"line":474,"column":49}},"474":{"start":{"line":475,"column":0},"end":{"line":475,"column":38}},"475":{"start":{"line":476,"column":0},"end":{"line":476,"column":3}},"477":{"start":{"line":478,"column":0},"end":{"line":478,"column":44}},"478":{"start":{"line":479,"column":0},"end":{"line":479,"column":31}},"479":{"start":{"line":480,"column":0},"end":{"line":480,"column":45}},"480":{"start":{"line":481,"column":0},"end":{"line":481,"column":10}},"481":{"start":{"line":482,"column":0},"end":{"line":482,"column":49}},"482":{"start":{"line":483,"column":0},"end":{"line":483,"column":62}},"483":{"start":{"line":484,"column":0},"end":{"line":484,"column":6}},"484":{"start":{"line":485,"column":0},"end":{"line":485,"column":30}},"485":{"start":{"line":486,"column":0},"end":{"line":486,"column":50}},"486":{"start":{"line":487,"column":0},"end":{"line":487,"column":12}},"487":{"start":{"line":488,"column":0},"end":{"line":488,"column":64}},"488":{"start":{"line":489,"column":0},"end":{"line":489,"column":5}},"489":{"start":{"line":490,"column":0},"end":{"line":490,"column":3}},"491":{"start":{"line":492,"column":0},"end":{"line":492,"column":54}},"492":{"start":{"line":493,"column":0},"end":{"line":493,"column":43}},"493":{"start":{"line":494,"column":0},"end":{"line":494,"column":3}},"495":{"start":{"line":496,"column":0},"end":{"line":496,"column":54}},"496":{"start":{"line":497,"column":0},"end":{"line":497,"column":43}},"497":{"start":{"line":498,"column":0},"end":{"line":498,"column":3}},"499":{"start":{"line":500,"column":0},"end":{"line":500,"column":30}},"500":{"start":{"line":501,"column":0},"end":{"line":501,"column":75}},"501":{"start":{"line":502,"column":0},"end":{"line":502,"column":49}},"502":{"start":{"line":503,"column":0},"end":{"line":503,"column":10}},"503":{"start":{"line":504,"column":0},"end":{"line":504,"column":45}},"504":{"start":{"line":505,"column":0},"end":{"line":505,"column":3}},"506":{"start":{"line":507,"column":0},"end":{"line":507,"column":26}},"507":{"start":{"line":508,"column":0},"end":{"line":508,"column":73}},"508":{"start":{"line":509,"column":0},"end":{"line":509,"column":29}},"509":{"start":{"line":510,"column":0},"end":{"line":510,"column":32}},"510":{"start":{"line":511,"column":0},"end":{"line":511,"column":5}},"511":{"start":{"line":512,"column":0},"end":{"line":512,"column":20}},"512":{"start":{"line":513,"column":0},"end":{"line":513,"column":10}},"513":{"start":{"line":514,"column":0},"end":{"line":514,"column":40}},"514":{"start":{"line":515,"column":0},"end":{"line":515,"column":3}},"515":{"start":{"line":516,"column":0},"end":{"line":516,"column":1}},"517":{"start":{"line":518,"column":0},"end":{"line":518,"column":60}},"518":{"start":{"line":519,"column":0},"end":{"line":519,"column":38}},"519":{"start":{"line":520,"column":0},"end":{"line":520,"column":62}},"521":{"start":{"line":522,"column":0},"end":{"line":522,"column":31}},"522":{"start":{"line":523,"column":0},"end":{"line":523,"column":65}},"523":{"start":{"line":524,"column":0},"end":{"line":524,"column":20}},"524":{"start":{"line":525,"column":0},"end":{"line":525,"column":3}},"526":{"start":{"line":527,"column":0},"end":{"line":527,"column":31}},"527":{"start":{"line":528,"column":0},"end":{"line":528,"column":30}},"528":{"start":{"line":529,"column":0},"end":{"line":529,"column":14}},"529":{"start":{"line":530,"column":0},"end":{"line":530,"column":77}},"530":{"start":{"line":531,"column":0},"end":{"line":531,"column":4}},"531":{"start":{"line":532,"column":0},"end":{"line":532,"column":30}},"533":{"start":{"line":534,"column":0},"end":{"line":534,"column":38}},"534":{"start":{"line":535,"column":0},"end":{"line":535,"column":37}},"535":{"start":{"line":536,"column":0},"end":{"line":536,"column":12}},"537":{"start":{"line":538,"column":0},"end":{"line":538,"column":26}},"538":{"start":{"line":539,"column":0},"end":{"line":539,"column":62}},"539":{"start":{"line":540,"column":0},"end":{"line":540,"column":71}},"540":{"start":{"line":541,"column":0},"end":{"line":541,"column":54}},"541":{"start":{"line":542,"column":0},"end":{"line":542,"column":56}},"542":{"start":{"line":543,"column":0},"end":{"line":543,"column":50}},"543":{"start":{"line":544,"column":0},"end":{"line":544,"column":54}},"544":{"start":{"line":545,"column":0},"end":{"line":545,"column":16}},"545":{"start":{"line":546,"column":0},"end":{"line":546,"column":76}},"546":{"start":{"line":547,"column":0},"end":{"line":547,"column":6}},"547":{"start":{"line":548,"column":0},"end":{"line":548,"column":3}},"549":{"start":{"line":550,"column":0},"end":{"line":550,"column":54}},"550":{"start":{"line":551,"column":0},"end":{"line":551,"column":30}},"551":{"start":{"line":552,"column":0},"end":{"line":552,"column":86}},"552":{"start":{"line":553,"column":0},"end":{"line":553,"column":53}},"553":{"start":{"line":554,"column":0},"end":{"line":554,"column":3}},"554":{"start":{"line":555,"column":0},"end":{"line":555,"column":1}}},"s":{"4":1,"5":1,"6":1,"7":1,"9":1,"10":1,"16":3,"18":3,"19":3,"21":0,"22":0,"24":1,"25":1,"26":1,"63":62,"64":62,"65":62,"68":1,"69":1,"70":1,"71":1,"72":1,"73":1,"74":1,"75":1,"76":1,"78":1,"79":1,"80":1,"81":1,"82":1,"83":1,"84":1,"85":1,"86":1,"87":1,"89":1,"90":1,"91":1,"92":1,"93":1,"94":1,"95":1,"96":1,"97":1,"98":1,"100":411,"101":411,"102":411,"104":1,"105":75,"106":174,"107":174,"108":174,"109":174,"110":174,"111":1,"112":1,"114":1,"115":70,"116":70,"117":1,"118":1,"119":69,"120":69,"122":22,"123":22,"124":22,"125":0,"126":0,"127":22,"128":22,"130":1,"131":2,"132":2,"133":2,"134":2,"135":2,"137":154,"138":154,"139":154,"140":0,"141":0,"142":154,"143":154,"144":154,"146":132,"147":132,"148":132,"149":132,"150":132,"151":132,"153":23,"154":23,"155":23,"157":23,"158":1,"159":0,"160":0,"161":0,"162":0,"163":0,"164":0,"165":0,"166":0,"167":0,"168":0,"169":1,"170":1,"171":1,"172":1,"173":1,"175":22,"176":23,"177":23,"180":23,"181":23,"183":23,"184":120,"185":120,"186":60,"187":60,"188":60,"189":60,"190":60,"191":60,"192":60,"193":60,"194":60,"195":60,"196":60,"197":60,"198":60,"199":71,"201":23,"202":120,"203":120,"204":2,"205":2,"206":2,"207":2,"208":2,"209":2,"210":2,"211":2,"212":2,"213":2,"214":2,"215":2,"216":2,"217":49,"219":22,"222":22,"223":22,"224":22,"225":22,"226":22,"228":22,"231":22,"232":22,"233":22,"236":23,"237":62,"238":62,"239":62,"240":62,"241":62,"242":62,"243":62,"246":22,"247":22,"248":22,"251":22,"252":22,"253":22,"256":22,"257":22,"258":22,"261":23,"262":132,"263":132,"264":132,"265":132,"266":132,"267":132,"269":22,"270":23,"271":282,"272":282,"273":22,"274":22,"287":1,"288":4,"289":4,"291":4,"292":1,"293":1,"294":1,"296":3,"297":4,"298":1,"299":1,"300":3,"301":3,"302":1,"303":1,"304":1,"306":3,"307":3,"308":3,"309":3,"311":3,"312":3,"313":3,"314":3,"315":3,"316":3,"317":3,"319":3,"320":3,"321":3,"322":3,"323":3,"325":3,"326":3,"335":1,"336":4,"337":4,"339":4,"340":1,"341":1,"342":1,"344":3,"345":3,"346":3,"347":3,"349":4,"350":1,"351":1,"352":1,"354":2,"355":2,"356":2,"357":2,"358":2,"359":2,"360":2,"362":1,"363":39,"364":181,"365":38,"366":38,"367":181,"368":1,"369":1,"371":1,"372":6,"373":6,"374":6,"375":169,"376":5,"377":5,"378":5,"379":164,"380":6,"381":6,"382":6,"384":1,"385":2,"386":2,"388":1,"389":4,"390":4,"392":4,"393":4,"394":4,"395":4,"397":4,"398":1,"399":1,"400":1,"402":3,"403":3,"405":4,"406":4,"408":3,"409":3,"410":3,"412":1,"413":2,"414":2,"416":2,"417":2,"418":2,"419":2,"421":2,"422":1,"423":1,"424":1,"426":1,"427":1,"429":2,"430":2,"433":2,"436":2,"437":2,"438":3,"439":3,"440":1,"441":1,"442":1,"444":1,"445":1,"446":1,"447":1,"448":1,"449":1,"450":1,"452":1,"453":1,"454":1,"455":1,"456":1,"458":1,"459":1,"460":1,"462":1,"463":8,"464":8,"465":8,"466":8,"468":8,"469":1,"470":1,"471":1,"473":8,"474":1,"475":1,"477":7,"478":8,"479":1,"480":8,"481":6,"482":6,"483":6,"484":6,"485":1,"486":6,"487":5,"488":5,"489":6,"491":8,"492":2,"493":2,"495":8,"496":2,"497":2,"499":8,"500":2,"501":2,"502":8,"503":5,"504":5,"506":8,"507":4,"508":4,"509":7,"510":7,"511":4,"512":8,"513":3,"514":3,"515":8,"517":1,"518":4,"519":4,"521":4,"522":1,"523":1,"524":1,"526":3,"527":3,"528":3,"529":3,"530":3,"531":3,"533":3,"534":3,"535":3,"537":4,"538":10,"539":10,"540":10,"541":10,"542":10,"543":10,"544":10,"545":10,"546":10,"547":10,"549":3,"550":3,"551":3,"552":3,"553":3,"554":4},"branchMap":{"0":{"type":"branch","line":17,"loc":{"start":{"line":17,"column":0},"end":{"line":23,"column":1}},"locations":[{"start":{"line":17,"column":0},"end":{"line":23,"column":1}}]},"1":{"type":"branch","line":20,"loc":{"start":{"line":20,"column":30},"end":{"line":23,"column":1}},"locations":[{"start":{"line":20,"column":30},"end":{"line":23,"column":1}}]},"2":{"type":"branch","line":64,"loc":{"start":{"line":64,"column":0},"end":{"line":66,"column":1}},"locations":[{"start":{"line":64,"column":0},"end":{"line":66,"column":1}}]},"3":{"type":"branch","line":101,"loc":{"start":{"line":101,"column":0},"end":{"line":103,"column":1}},"locations":[{"start":{"line":101,"column":0},"end":{"line":103,"column":1}}]},"4":{"type":"branch","line":105,"loc":{"start":{"line":105,"column":7},"end":{"line":113,"column":1}},"locations":[{"start":{"line":105,"column":7},"end":{"line":113,"column":1}}]},"5":{"type":"branch","line":106,"loc":{"start":{"line":106,"column":32},"end":{"line":111,"column":3}},"locations":[{"start":{"line":106,"column":32},"end":{"line":111,"column":3}}]},"6":{"type":"branch","line":110,"loc":{"start":{"line":110,"column":25},"end":{"line":110,"column":46}},"locations":[{"start":{"line":110,"column":25},"end":{"line":110,"column":46}}]},"7":{"type":"branch","line":111,"loc":{"start":{"line":111,"column":2},"end":{"line":113,"column":1}},"locations":[{"start":{"line":111,"column":2},"end":{"line":113,"column":1}}]},"8":{"type":"branch","line":115,"loc":{"start":{"line":115,"column":7},"end":{"line":121,"column":1}},"locations":[{"start":{"line":115,"column":7},"end":{"line":121,"column":1}}]},"9":{"type":"branch","line":117,"loc":{"start":{"line":117,"column":14},"end":{"line":119,"column":3}},"locations":[{"start":{"line":117,"column":14},"end":{"line":119,"column":3}}]},"10":{"type":"branch","line":119,"loc":{"start":{"line":119,"column":2},"end":{"line":121,"column":1}},"locations":[{"start":{"line":119,"column":2},"end":{"line":121,"column":1}}]},"11":{"type":"branch","line":116,"loc":{"start":{"line":116,"column":16},"end":{"line":116,"column":82}},"locations":[{"start":{"line":116,"column":16},"end":{"line":116,"column":82}}]},"12":{"type":"branch","line":123,"loc":{"start":{"line":123,"column":0},"end":{"line":129,"column":1}},"locations":[{"start":{"line":123,"column":0},"end":{"line":129,"column":1}}]},"13":{"type":"branch","line":125,"loc":{"start":{"line":125,"column":25},"end":{"line":127,"column":3}},"locations":[{"start":{"line":125,"column":25},"end":{"line":127,"column":3}}]},"14":{"type":"branch","line":131,"loc":{"start":{"line":131,"column":7},"end":{"line":136,"column":1}},"locations":[{"start":{"line":131,"column":7},"end":{"line":136,"column":1}}]},"15":{"type":"branch","line":132,"loc":{"start":{"line":132,"column":32},"end":{"line":132,"column":42}},"locations":[{"start":{"line":132,"column":32},"end":{"line":132,"column":42}}]},"16":{"type":"branch","line":134,"loc":{"start":{"line":134,"column":12},"end":{"line":134,"column":38}},"locations":[{"start":{"line":134,"column":12},"end":{"line":134,"column":38}}]},"17":{"type":"branch","line":135,"loc":{"start":{"line":135,"column":9},"end":{"line":135,"column":81}},"locations":[{"start":{"line":135,"column":9},"end":{"line":135,"column":81}}]},"18":{"type":"branch","line":138,"loc":{"start":{"line":138,"column":0},"end":{"line":145,"column":1}},"locations":[{"start":{"line":138,"column":0},"end":{"line":145,"column":1}}]},"19":{"type":"branch","line":140,"loc":{"start":{"line":140,"column":25},"end":{"line":142,"column":3}},"locations":[{"start":{"line":140,"column":25},"end":{"line":142,"column":3}}]},"20":{"type":"branch","line":147,"loc":{"start":{"line":147,"column":0},"end":{"line":152,"column":1}},"locations":[{"start":{"line":147,"column":0},"end":{"line":152,"column":1}}]},"21":{"type":"branch","line":149,"loc":{"start":{"line":149,"column":25},"end":{"line":149,"column":35}},"locations":[{"start":{"line":149,"column":25},"end":{"line":149,"column":35}}]},"22":{"type":"branch","line":154,"loc":{"start":{"line":154,"column":0},"end":{"line":275,"column":1}},"locations":[{"start":{"line":154,"column":0},"end":{"line":275,"column":1}}]},"23":{"type":"branch","line":158,"loc":{"start":{"line":158,"column":19},"end":{"line":174,"column":3}},"locations":[{"start":{"line":158,"column":19},"end":{"line":174,"column":3}}]},"24":{"type":"branch","line":159,"loc":{"start":{"line":159,"column":26},"end":{"line":170,"column":11}},"locations":[{"start":{"line":159,"column":26},"end":{"line":170,"column":11}}]},"25":{"type":"branch","line":174,"loc":{"start":{"line":174,"column":2},"end":{"line":177,"column":42}},"locations":[{"start":{"line":174,"column":2},"end":{"line":177,"column":42}}]},"26":{"type":"branch","line":177,"loc":{"start":{"line":177,"column":27},"end":{"line":177,"column":69}},"locations":[{"start":{"line":177,"column":27},"end":{"line":177,"column":69}}]},"27":{"type":"branch","line":177,"loc":{"start":{"line":177,"column":64},"end":{"line":177,"column":82}},"locations":[{"start":{"line":177,"column":64},"end":{"line":177,"column":82}}]},"28":{"type":"branch","line":178,"loc":{"start":{"line":178,"column":24},"end":{"line":178,"column":61}},"locations":[{"start":{"line":178,"column":24},"end":{"line":178,"column":61}}]},"29":{"type":"branch","line":184,"loc":{"start":{"line":184,"column":35},"end":{"line":200,"column":3}},"locations":[{"start":{"line":184,"column":35},"end":{"line":200,"column":3}}]},"30":{"type":"branch","line":185,"loc":{"start":{"line":185,"column":24},"end":{"line":185,"column":33}},"locations":[{"start":{"line":185,"column":24},"end":{"line":185,"column":33}}]},"31":{"type":"branch","line":185,"loc":{"start":{"line":185,"column":24},"end":{"line":186,"column":65}},"locations":[{"start":{"line":185,"column":24},"end":{"line":186,"column":65}}]},"32":{"type":"branch","line":186,"loc":{"start":{"line":186,"column":70},"end":{"line":199,"column":5}},"locations":[{"start":{"line":186,"column":70},"end":{"line":199,"column":5}}]},"33":{"type":"branch","line":199,"loc":{"start":{"line":199,"column":4},"end":{"line":200,"column":3}},"locations":[{"start":{"line":199,"column":4},"end":{"line":200,"column":3}}]},"34":{"type":"branch","line":200,"loc":{"start":{"line":200,"column":2},"end":{"line":202,"column":35}},"locations":[{"start":{"line":200,"column":2},"end":{"line":202,"column":35}}]},"35":{"type":"branch","line":202,"loc":{"start":{"line":202,"column":35},"end":{"line":218,"column":3}},"locations":[{"start":{"line":202,"column":35},"end":{"line":218,"column":3}}]},"36":{"type":"branch","line":203,"loc":{"start":{"line":203,"column":23},"end":{"line":203,"column":32}},"locations":[{"start":{"line":203,"column":23},"end":{"line":203,"column":32}}]},"37":{"type":"branch","line":203,"loc":{"start":{"line":203,"column":23},"end":{"line":204,"column":65}},"locations":[{"start":{"line":203,"column":23},"end":{"line":204,"column":65}}]},"38":{"type":"branch","line":204,"loc":{"start":{"line":204,"column":70},"end":{"line":217,"column":5}},"locations":[{"start":{"line":204,"column":70},"end":{"line":217,"column":5}}]},"39":{"type":"branch","line":217,"loc":{"start":{"line":217,"column":4},"end":{"line":218,"column":3}},"locations":[{"start":{"line":217,"column":4},"end":{"line":218,"column":3}}]},"40":{"type":"branch","line":218,"loc":{"start":{"line":218,"column":2},"end":{"line":237,"column":27}},"locations":[{"start":{"line":218,"column":2},"end":{"line":237,"column":27}}]},"41":{"type":"branch","line":237,"loc":{"start":{"line":237,"column":27},"end":{"line":244,"column":3}},"locations":[{"start":{"line":237,"column":27},"end":{"line":244,"column":3}}]},"42":{"type":"branch","line":244,"loc":{"start":{"line":244,"column":2},"end":{"line":262,"column":37}},"locations":[{"start":{"line":244,"column":2},"end":{"line":262,"column":37}}]},"43":{"type":"branch","line":262,"loc":{"start":{"line":262,"column":37},"end":{"line":268,"column":3}},"locations":[{"start":{"line":262,"column":37},"end":{"line":268,"column":3}}]},"44":{"type":"branch","line":268,"loc":{"start":{"line":268,"column":2},"end":{"line":271,"column":27}},"locations":[{"start":{"line":268,"column":2},"end":{"line":271,"column":27}}]},"45":{"type":"branch","line":271,"loc":{"start":{"line":271,"column":27},"end":{"line":273,"column":3}},"locations":[{"start":{"line":271,"column":27},"end":{"line":273,"column":3}}]},"46":{"type":"branch","line":273,"loc":{"start":{"line":273,"column":2},"end":{"line":275,"column":1}},"locations":[{"start":{"line":273,"column":2},"end":{"line":275,"column":1}}]},"47":{"type":"branch","line":288,"loc":{"start":{"line":288,"column":7},"end":{"line":327,"column":1}},"locations":[{"start":{"line":288,"column":7},"end":{"line":327,"column":1}}]},"48":{"type":"branch","line":292,"loc":{"start":{"line":292,"column":30},"end":{"line":295,"column":3}},"locations":[{"start":{"line":292,"column":30},"end":{"line":295,"column":3}}]},"49":{"type":"branch","line":295,"loc":{"start":{"line":295,"column":2},"end":{"line":298,"column":13}},"locations":[{"start":{"line":295,"column":2},"end":{"line":298,"column":13}}]},"50":{"type":"branch","line":298,"loc":{"start":{"line":298,"column":13},"end":{"line":305,"column":3}},"locations":[{"start":{"line":298,"column":13},"end":{"line":305,"column":3}}]},"51":{"type":"branch","line":300,"loc":{"start":{"line":300,"column":77},"end":{"line":302,"column":5}},"locations":[{"start":{"line":300,"column":77},"end":{"line":302,"column":5}}]},"52":{"type":"branch","line":305,"loc":{"start":{"line":305,"column":2},"end":{"line":327,"column":1}},"locations":[{"start":{"line":305,"column":2},"end":{"line":327,"column":1}}]},"53":{"type":"branch","line":300,"loc":{"start":{"line":300,"column":50},"end":{"line":300,"column":74}},"locations":[{"start":{"line":300,"column":50},"end":{"line":300,"column":74}}]},"54":{"type":"branch","line":336,"loc":{"start":{"line":336,"column":7},"end":{"line":361,"column":1}},"locations":[{"start":{"line":336,"column":7},"end":{"line":361,"column":1}}]},"55":{"type":"branch","line":340,"loc":{"start":{"line":340,"column":30},"end":{"line":343,"column":3}},"locations":[{"start":{"line":340,"column":30},"end":{"line":343,"column":3}}]},"56":{"type":"branch","line":343,"loc":{"start":{"line":343,"column":2},"end":{"line":350,"column":26}},"locations":[{"start":{"line":343,"column":2},"end":{"line":350,"column":26}}]},"57":{"type":"branch","line":350,"loc":{"start":{"line":350,"column":26},"end":{"line":353,"column":3}},"locations":[{"start":{"line":350,"column":26},"end":{"line":353,"column":3}}]},"58":{"type":"branch","line":353,"loc":{"start":{"line":353,"column":2},"end":{"line":361,"column":1}},"locations":[{"start":{"line":353,"column":2},"end":{"line":361,"column":1}}]},"59":{"type":"branch","line":347,"loc":{"start":{"line":347,"column":4},"end":{"line":347,"column":63}},"locations":[{"start":{"line":347,"column":4},"end":{"line":347,"column":63}}]},"60":{"type":"branch","line":347,"loc":{"start":{"line":347,"column":30},"end":{"line":347,"column":63}},"locations":[{"start":{"line":347,"column":30},"end":{"line":347,"column":63}}]},"61":{"type":"branch","line":363,"loc":{"start":{"line":363,"column":7},"end":{"line":370,"column":1}},"locations":[{"start":{"line":363,"column":7},"end":{"line":370,"column":1}}]},"62":{"type":"branch","line":364,"loc":{"start":{"line":364,"column":42},"end":{"line":368,"column":3}},"locations":[{"start":{"line":364,"column":42},"end":{"line":368,"column":3}}]},"63":{"type":"branch","line":365,"loc":{"start":{"line":365,"column":40},"end":{"line":367,"column":5}},"locations":[{"start":{"line":365,"column":40},"end":{"line":367,"column":5}}]},"64":{"type":"branch","line":366,"loc":{"start":{"line":366,"column":50},"end":{"line":366,"column":60}},"locations":[{"start":{"line":366,"column":50},"end":{"line":366,"column":60}}]},"65":{"type":"branch","line":368,"loc":{"start":{"line":368,"column":2},"end":{"line":370,"column":1}},"locations":[{"start":{"line":368,"column":2},"end":{"line":370,"column":1}}]},"66":{"type":"branch","line":372,"loc":{"start":{"line":372,"column":7},"end":{"line":383,"column":1}},"locations":[{"start":{"line":372,"column":7},"end":{"line":383,"column":1}}]},"67":{"type":"branch","line":375,"loc":{"start":{"line":375,"column":9},"end":{"line":381,"column":5}},"locations":[{"start":{"line":375,"column":9},"end":{"line":381,"column":5}}]},"68":{"type":"branch","line":376,"loc":{"start":{"line":376,"column":42},"end":{"line":379,"column":7}},"locations":[{"start":{"line":376,"column":42},"end":{"line":379,"column":7}}]},"69":{"type":"branch","line":379,"loc":{"start":{"line":379,"column":6},"end":{"line":380,"column":18}},"locations":[{"start":{"line":379,"column":6},"end":{"line":380,"column":18}}]},"70":{"type":"branch","line":385,"loc":{"start":{"line":385,"column":7},"end":{"line":387,"column":1}},"locations":[{"start":{"line":385,"column":7},"end":{"line":387,"column":1}}]},"71":{"type":"branch","line":389,"loc":{"start":{"line":389,"column":7},"end":{"line":411,"column":1}},"locations":[{"start":{"line":389,"column":7},"end":{"line":411,"column":1}}]},"72":{"type":"branch","line":398,"loc":{"start":{"line":398,"column":26},"end":{"line":401,"column":3}},"locations":[{"start":{"line":398,"column":26},"end":{"line":401,"column":3}}]},"73":{"type":"branch","line":401,"loc":{"start":{"line":401,"column":2},"end":{"line":406,"column":27}},"locations":[{"start":{"line":401,"column":2},"end":{"line":406,"column":27}}]},"74":{"type":"branch","line":406,"loc":{"start":{"line":406,"column":17},"end":{"line":406,"column":68}},"locations":[{"start":{"line":406,"column":17},"end":{"line":406,"column":68}}]},"75":{"type":"branch","line":406,"loc":{"start":{"line":406,"column":66},"end":{"line":407,"column":28}},"locations":[{"start":{"line":406,"column":66},"end":{"line":407,"column":28}}]},"76":{"type":"branch","line":407,"loc":{"start":{"line":407,"column":18},"end":{"line":407,"column":71}},"locations":[{"start":{"line":407,"column":18},"end":{"line":407,"column":71}}]},"77":{"type":"branch","line":407,"loc":{"start":{"line":407,"column":69},"end":{"line":411,"column":1}},"locations":[{"start":{"line":407,"column":69},"end":{"line":411,"column":1}}]},"78":{"type":"branch","line":395,"loc":{"start":{"line":395,"column":4},"end":{"line":395,"column":63}},"locations":[{"start":{"line":395,"column":4},"end":{"line":395,"column":63}}]},"79":{"type":"branch","line":395,"loc":{"start":{"line":395,"column":30},"end":{"line":395,"column":63}},"locations":[{"start":{"line":395,"column":30},"end":{"line":395,"column":63}}]},"80":{"type":"branch","line":413,"loc":{"start":{"line":413,"column":7},"end":{"line":461,"column":1}},"locations":[{"start":{"line":413,"column":7},"end":{"line":461,"column":1}}]},"81":{"type":"branch","line":422,"loc":{"start":{"line":422,"column":26},"end":{"line":430,"column":48}},"locations":[{"start":{"line":422,"column":26},"end":{"line":430,"column":48}}]},"82":{"type":"branch","line":430,"loc":{"start":{"line":430,"column":43},"end":{"line":430,"column":68}},"locations":[{"start":{"line":430,"column":43},"end":{"line":430,"column":68}}]},"83":{"type":"branch","line":431,"loc":{"start":{"line":431,"column":45},"end":{"line":431,"column":59}},"locations":[{"start":{"line":431,"column":45},"end":{"line":431,"column":59}}]},"84":{"type":"branch","line":438,"loc":{"start":{"line":438,"column":75},"end":{"line":440,"column":3}},"locations":[{"start":{"line":438,"column":75},"end":{"line":440,"column":3}}]},"85":{"type":"branch","line":440,"loc":{"start":{"line":440,"column":2},"end":{"line":461,"column":1}},"locations":[{"start":{"line":440,"column":2},"end":{"line":461,"column":1}}]},"86":{"type":"branch","line":419,"loc":{"start":{"line":419,"column":4},"end":{"line":419,"column":63}},"locations":[{"start":{"line":419,"column":4},"end":{"line":419,"column":63}}]},"87":{"type":"branch","line":419,"loc":{"start":{"line":419,"column":30},"end":{"line":419,"column":63}},"locations":[{"start":{"line":419,"column":30},"end":{"line":419,"column":63}}]},"88":{"type":"branch","line":438,"loc":{"start":{"line":438,"column":48},"end":{"line":438,"column":72}},"locations":[{"start":{"line":438,"column":48},"end":{"line":438,"column":72}}]},"89":{"type":"branch","line":463,"loc":{"start":{"line":463,"column":7},"end":{"line":516,"column":1}},"locations":[{"start":{"line":463,"column":7},"end":{"line":516,"column":1}}]},"90":{"type":"branch","line":469,"loc":{"start":{"line":469,"column":28},"end":{"line":472,"column":3}},"locations":[{"start":{"line":469,"column":28},"end":{"line":472,"column":3}}]},"91":{"type":"branch","line":472,"loc":{"start":{"line":472,"column":2},"end":{"line":474,"column":48}},"locations":[{"start":{"line":472,"column":2},"end":{"line":474,"column":48}}]},"92":{"type":"branch","line":474,"loc":{"start":{"line":474,"column":48},"end":{"line":476,"column":3}},"locations":[{"start":{"line":474,"column":48},"end":{"line":476,"column":3}}]},"93":{"type":"branch","line":476,"loc":{"start":{"line":476,"column":2},"end":{"line":479,"column":30}},"locations":[{"start":{"line":476,"column":2},"end":{"line":479,"column":30}}]},"94":{"type":"branch","line":479,"loc":{"start":{"line":479,"column":30},"end":{"line":481,"column":9}},"locations":[{"start":{"line":479,"column":30},"end":{"line":481,"column":9}}]},"95":{"type":"branch","line":481,"loc":{"start":{"line":481,"column":2},"end":{"line":490,"column":3}},"locations":[{"start":{"line":481,"column":2},"end":{"line":490,"column":3}}]},"96":{"type":"branch","line":485,"loc":{"start":{"line":485,"column":29},"end":{"line":487,"column":11}},"locations":[{"start":{"line":485,"column":29},"end":{"line":487,"column":11}}]},"97":{"type":"branch","line":487,"loc":{"start":{"line":487,"column":4},"end":{"line":489,"column":5}},"locations":[{"start":{"line":487,"column":4},"end":{"line":489,"column":5}}]},"98":{"type":"branch","line":490,"loc":{"start":{"line":490,"column":2},"end":{"line":492,"column":53}},"locations":[{"start":{"line":490,"column":2},"end":{"line":492,"column":53}}]},"99":{"type":"branch","line":492,"loc":{"start":{"line":492,"column":53},"end":{"line":494,"column":3}},"locations":[{"start":{"line":492,"column":53},"end":{"line":494,"column":3}}]},"100":{"type":"branch","line":494,"loc":{"start":{"line":494,"column":2},"end":{"line":496,"column":53}},"locations":[{"start":{"line":494,"column":2},"end":{"line":496,"column":53}}]},"101":{"type":"branch","line":496,"loc":{"start":{"line":496,"column":53},"end":{"line":498,"column":3}},"locations":[{"start":{"line":496,"column":53},"end":{"line":498,"column":3}}]},"102":{"type":"branch","line":498,"loc":{"start":{"line":498,"column":2},"end":{"line":500,"column":29}},"locations":[{"start":{"line":498,"column":2},"end":{"line":500,"column":29}}]},"103":{"type":"branch","line":500,"loc":{"start":{"line":500,"column":29},"end":{"line":503,"column":9}},"locations":[{"start":{"line":500,"column":29},"end":{"line":503,"column":9}}]},"104":{"type":"branch","line":503,"loc":{"start":{"line":503,"column":2},"end":{"line":505,"column":3}},"locations":[{"start":{"line":503,"column":2},"end":{"line":505,"column":3}}]},"105":{"type":"branch","line":505,"loc":{"start":{"line":505,"column":2},"end":{"line":507,"column":25}},"locations":[{"start":{"line":505,"column":2},"end":{"line":507,"column":25}}]},"106":{"type":"branch","line":507,"loc":{"start":{"line":507,"column":25},"end":{"line":513,"column":9}},"locations":[{"start":{"line":507,"column":25},"end":{"line":513,"column":9}}]},"107":{"type":"branch","line":509,"loc":{"start":{"line":509,"column":28},"end":{"line":511,"column":5}},"locations":[{"start":{"line":509,"column":28},"end":{"line":511,"column":5}}]},"108":{"type":"branch","line":513,"loc":{"start":{"line":513,"column":2},"end":{"line":515,"column":3}},"locations":[{"start":{"line":513,"column":2},"end":{"line":515,"column":3}}]},"109":{"type":"branch","line":483,"loc":{"start":{"line":483,"column":6},"end":{"line":483,"column":62}},"locations":[{"start":{"line":483,"column":6},"end":{"line":483,"column":62}}]},"110":{"type":"branch","line":501,"loc":{"start":{"line":501,"column":49},"end":{"line":501,"column":73}},"locations":[{"start":{"line":501,"column":49},"end":{"line":501,"column":73}}]},"111":{"type":"branch","line":518,"loc":{"start":{"line":518,"column":7},"end":{"line":555,"column":1}},"locations":[{"start":{"line":518,"column":7},"end":{"line":555,"column":1}}]},"112":{"type":"branch","line":522,"loc":{"start":{"line":522,"column":30},"end":{"line":525,"column":3}},"locations":[{"start":{"line":522,"column":30},"end":{"line":525,"column":3}}]},"113":{"type":"branch","line":525,"loc":{"start":{"line":525,"column":2},"end":{"line":538,"column":25}},"locations":[{"start":{"line":525,"column":2},"end":{"line":538,"column":25}}]},"114":{"type":"branch","line":538,"loc":{"start":{"line":538,"column":25},"end":{"line":548,"column":3}},"locations":[{"start":{"line":538,"column":25},"end":{"line":548,"column":3}}]},"115":{"type":"branch","line":540,"loc":{"start":{"line":540,"column":45},"end":{"line":540,"column":71}},"locations":[{"start":{"line":540,"column":45},"end":{"line":540,"column":71}}]},"116":{"type":"branch","line":541,"loc":{"start":{"line":541,"column":45},"end":{"line":541,"column":54}},"locations":[{"start":{"line":541,"column":45},"end":{"line":541,"column":54}}]},"117":{"type":"branch","line":542,"loc":{"start":{"line":542,"column":47},"end":{"line":542,"column":56}},"locations":[{"start":{"line":542,"column":47},"end":{"line":542,"column":56}}]},"118":{"type":"branch","line":544,"loc":{"start":{"line":544,"column":19},"end":{"line":544,"column":45}},"locations":[{"start":{"line":544,"column":19},"end":{"line":544,"column":45}}]},"119":{"type":"branch","line":544,"loc":{"start":{"line":544,"column":32},"end":{"line":544,"column":54}},"locations":[{"start":{"line":544,"column":32},"end":{"line":544,"column":54}}]},"120":{"type":"branch","line":548,"loc":{"start":{"line":548,"column":2},"end":{"line":554,"column":3}},"locations":[{"start":{"line":548,"column":2},"end":{"line":554,"column":3}}]},"121":{"type":"branch","line":535,"loc":{"start":{"line":535,"column":12},"end":{"line":535,"column":36}},"locations":[{"start":{"line":535,"column":12},"end":{"line":535,"column":36}}]},"122":{"type":"branch","line":552,"loc":{"start":{"line":552,"column":53},"end":{"line":552,"column":77}},"locations":[{"start":{"line":552,"column":53},"end":{"line":552,"column":77}}]}},"b":{"0":[3],"1":[0],"2":[62],"3":[411],"4":[75],"5":[174],"6":[74],"7":[1],"8":[70],"9":[1],"10":[69],"11":[140],"12":[22],"13":[0],"14":[2],"15":[0],"16":[6],"17":[6],"18":[154],"19":[0],"20":[132],"21":[0],"22":[23],"23":[1],"24":[0],"25":[22],"26":[1],"27":[0],"28":[1],"29":[120],"30":[49],"31":[71],"32":[60],"33":[71],"34":[22],"35":[120],"36":[71],"37":[49],"38":[2],"39":[49],"40":[22],"41":[62],"42":[22],"43":[132],"44":[22],"45":[282],"46":[22],"47":[4],"48":[1],"49":[3],"50":[1],"51":[3],"52":[3],"53":[3],"54":[4],"55":[1],"56":[3],"57":[1],"58":[2],"59":[9],"60":[2],"61":[39],"62":[181],"63":[38],"64":[0],"65":[1],"66":[6],"67":[169],"68":[5],"69":[164],"70":[2],"71":[4],"72":[1],"73":[3],"74":[2],"75":[3],"76":[2],"77":[3],"78":[12],"79":[3],"80":[2],"81":[1],"82":[0],"83":[0],"84":[3],"85":[1],"86":[5],"87":[1],"88":[3],"89":[8],"90":[1],"91":[7],"92":[1],"93":[7],"94":[1],"95":[6],"96":[1],"97":[5],"98":[7],"99":[2],"100":[7],"101":[2],"102":[7],"103":[2],"104":[5],"105":[7],"106":[4],"107":[7],"108":[3],"109":[11],"110":[12],"111":[4],"112":[1],"113":[3],"114":[10],"115":[0],"116":[0],"117":[0],"118":[2],"119":[8],"120":[3],"121":[10],"122":[18]},"fnMap":{"0":{"name":"resolveDataDir","decl":{"start":{"line":17,"column":0},"end":{"line":23,"column":1}},"loc":{"start":{"line":17,"column":0},"end":{"line":23,"column":1}},"line":17},"1":{"name":"toAgentName","decl":{"start":{"line":64,"column":0},"end":{"line":66,"column":1}},"loc":{"start":{"line":64,"column":0},"end":{"line":66,"column":1}},"line":64},"2":{"name":"randomChoice","decl":{"start":{"line":101,"column":0},"end":{"line":103,"column":1}},"loc":{"start":{"line":101,"column":0},"end":{"line":103,"column":1}},"line":101},"3":{"name":"generateName","decl":{"start":{"line":105,"column":7},"end":{"line":113,"column":1}},"loc":{"start":{"line":105,"column":7},"end":{"line":113,"column":1}},"line":105},"4":{"name":"makeEmail","decl":{"start":{"line":115,"column":7},"end":{"line":121,"column":1}},"loc":{"start":{"line":115,"column":7},"end":{"line":121,"column":1}},"line":115},"5":{"name":"clean","decl":{"start":{"line":116,"column":16},"end":{"line":116,"column":82}},"loc":{"start":{"line":116,"column":16},"end":{"line":116,"column":82}},"line":116},"6":{"name":"loadPreset","decl":{"start":{"line":123,"column":0},"end":{"line":129,"column":1}},"loc":{"start":{"line":123,"column":0},"end":{"line":129,"column":1}},"line":123},"7":{"name":"listPresets","decl":{"start":{"line":131,"column":7},"end":{"line":136,"column":1}},"loc":{"start":{"line":131,"column":7},"end":{"line":136,"column":1}},"line":131},"8":{"name":"renderTemplate","decl":{"start":{"line":138,"column":0},"end":{"line":145,"column":1}},"loc":{"start":{"line":138,"column":0},"end":{"line":145,"column":1}},"line":138},"9":{"name":"renderSkill","decl":{"start":{"line":147,"column":0},"end":{"line":152,"column":1}},"loc":{"start":{"line":147,"column":0},"end":{"line":152,"column":1}},"line":147},"10":{"name":"bootstrap","decl":{"start":{"line":154,"column":0},"end":{"line":275,"column":1}},"loc":{"start":{"line":154,"column":0},"end":{"line":275,"column":1}},"line":154},"11":{"name":"addMember","decl":{"start":{"line":288,"column":7},"end":{"line":327,"column":1}},"loc":{"start":{"line":288,"column":7},"end":{"line":327,"column":1}},"line":288},"12":{"name":"removeMember","decl":{"start":{"line":336,"column":7},"end":{"line":361,"column":1}},"loc":{"start":{"line":336,"column":7},"end":{"line":361,"column":1}},"line":336},"13":{"name":"extractField","decl":{"start":{"line":363,"column":7},"end":{"line":370,"column":1}},"loc":{"start":{"line":363,"column":7},"end":{"line":370,"column":1}},"line":363},"14":{"name":"replaceField","decl":{"start":{"line":372,"column":7},"end":{"line":383,"column":1}},"loc":{"start":{"line":372,"column":7},"end":{"line":383,"column":1}},"line":372},"15":{"name":"safeName","decl":{"start":{"line":385,"column":7},"end":{"line":387,"column":1}},"loc":{"start":{"line":385,"column":7},"end":{"line":387,"column":1}},"line":385},"16":{"name":"updateMember","decl":{"start":{"line":389,"column":7},"end":{"line":411,"column":1}},"loc":{"start":{"line":389,"column":7},"end":{"line":411,"column":1}},"line":389},"17":{"name":"randomizeMember","decl":{"start":{"line":413,"column":7},"end":{"line":461,"column":1}},"loc":{"start":{"line":413,"column":7},"end":{"line":461,"column":1}},"line":413},"18":{"name":"validateTeam","decl":{"start":{"line":463,"column":7},"end":{"line":516,"column":1}},"loc":{"start":{"line":463,"column":7},"end":{"line":516,"column":1}},"line":463},"19":{"name":"showStatus","decl":{"start":{"line":518,"column":7},"end":{"line":555,"column":1}},"loc":{"start":{"line":518,"column":7},"end":{"line":555,"column":1}},"line":518}},"f":{"0":3,"1":62,"2":411,"3":75,"4":70,"5":140,"6":22,"7":2,"8":154,"9":132,"10":23,"11":4,"12":4,"13":39,"14":6,"15":2,"16":4,"17":2,"18":8,"19":4}}
,"/home/parameterization/code/2real-team-framework/node/src/presets.ts": {"path":"/home/parameterization/code/2real-team-framework/node/src/presets.ts","all":false,"statementMap":{"4":{"start":{"line":5,"column":0},"end":{"line":5,"column":64}},"5":{"start":{"line":6,"column":0},"end":{"line":6,"column":51}},"6":{"start":{"line":7,"column":0},"end":{"line":7,"column":41}},"8":{"start":{"line":9,"column":0},"end":{"line":9,"column":50}},"9":{"start":{"line":10,"column":0},"end":{"line":10,"column":38}},"11":{"start":{"line":12,"column":0},"end":{"line":12,"column":38}},"12":{"start":{"line":13,"column":0},"end":{"line":13,"column":50}},"13":{"start":{"line":14,"column":0},"end":{"line":14,"column":34}},"14":{"start":{"line":15,"column":0},"end":{"line":15,"column":48}},"15":{"start":{"line":16,"column":0},"end":{"line":16,"column":1}},"17":{"start":{"line":18,"column":0},"end":{"line":18,"column":40}},"35":{"start":{"line":36,"column":0},"end":{"line":36,"column":55}},"36":{"start":{"line":37,"column":0},"end":{"line":37,"column":49}},"37":{"start":{"line":38,"column":0},"end":{"line":38,"column":26}},"38":{"start":{"line":39,"column":0},"end":{"line":39,"column":66}},"39":{"start":{"line":40,"column":0},"end":{"line":40,"column":73}},"40":{"start":{"line":41,"column":0},"end":{"line":41,"column":3}},"41":{"start":{"line":42,"column":0},"end":{"line":42,"column":49}},"42":{"start":{"line":43,"column":0},"end":{"line":43,"column":1}},"44":{"start":{"line":45,"column":0},"end":{"line":45,"column":47}},"45":{"start":{"line":46,"column":0},"end":{"line":46,"column":42}},"46":{"start":{"line":47,"column":0},"end":{"line":47,"column":33}},"47":{"start":{"line":48,"column":0},"end":{"line":48,"column":39}},"48":{"start":{"line":49,"column":0},"end":{"line":49,"column":11}},"49":{"start":{"line":50,"column":0},"end":{"line":50,"column":73}},"50":{"start":{"line":51,"column":0},"end":{"line":51,"column":1}}},"s":{"4":1,"5":1,"6":1,"8":1,"9":1,"11":1,"12":1,"13":1,"14":0,"15":0,"17":1,"35":1,"36":2,"37":2,"38":1,"39":1,"40":1,"41":1,"42":1,"44":1,"45":2,"46":2,"47":2,"48":2,"49":2,"50":2},"branchMap":{"0":{"type":"branch","line":12,"loc":{"start":{"line":12,"column":0},"end":{"line":16,"column":1}},"locations":[{"start":{"line":12,"column":0},"end":{"line":16,"column":1}}]},"1":{"type":"branch","line":14,"loc":{"start":{"line":14,"column":30},"end":{"line":16,"column":1}},"locations":[{"start":{"line":14,"column":30},"end":{"line":16,"column":1}}]},"2":{"type":"branch","line":36,"loc":{"start":{"line":36,"column":7},"end":{"line":43,"column":1}},"locations":[{"start":{"line":36,"column":7},"end":{"line":43,"column":1}}]},"3":{"type":"branch","line":38,"loc":{"start":{"line":38,"column":25},"end":{"line":43,"column":1}},"locations":[{"start":{"line":38,"column":25},"end":{"line":43,"column":1}}]},"4":{"type":"branch","line":39,"loc":{"start":{"line":39,"column":40},"end":{"line":39,"column":53}},"locations":[{"start":{"line":39,"column":40},"end":{"line":39,"column":53}}]},"5":{"type":"branch","line":45,"loc":{"start":{"line":45,"column":7},"end":{"line":51,"column":1}},"locations":[{"start":{"line":45,"column":7},"end":{"line":51,"column":1}}]},"6":{"type":"branch","line":46,"loc":{"start":{"line":46,"column":32},"end":{"line":46,"column":42}},"locations":[{"start":{"line":46,"column":32},"end":{"line":46,"column":42}}]},"7":{"type":"branch","line":48,"loc":{"start":{"line":48,"column":12},"end":{"line":48,"column":38}},"locations":[{"start":{"line":48,"column":12},"end":{"line":48,"column":38}}]},"8":{"type":"branch","line":50,"loc":{"start":{"line":50,"column":9},"end":{"line":50,"column":71}},"locations":[{"start":{"line":50,"column":9},"end":{"line":50,"column":71}}]}},"b":{"0":[1],"1":[0],"2":[2],"3":[1],"4":[3],"5":[2],"6":[0],"7":[6],"8":[6]},"fnMap":{"0":{"name":"resolvePresetsDir","decl":{"start":{"line":12,"column":0},"end":{"line":16,"column":1}},"loc":{"start":{"line":12,"column":0},"end":{"line":16,"column":1}},"line":12},"1":{"name":"getPreset","decl":{"start":{"line":36,"column":7},"end":{"line":43,"column":1}},"loc":{"start":{"line":36,"column":7},"end":{"line":43,"column":1}},"line":36},"2":{"name":"listPresets","decl":{"start":{"line":45,"column":7},"end":{"line":51,"column":1}},"loc":{"start":{"line":45,"column":7},"end":{"line":51,"column":1}},"line":45}},"f":{"0":1,"1":2,"2":2}}
,"/home/parameterization/code/2real-team-framework/node/src/templates.ts": {"path":"/home/parameterization/code/2real-team-framework/node/src/templates.ts","all":false,"statementMap":{"4":{"start":{"line":5,"column":0},"end":{"line":5,"column":64}},"5":{"start":{"line":6,"column":0},"end":{"line":6,"column":51}},"6":{"start":{"line":7,"column":0},"end":{"line":7,"column":41}},"7":{"start":{"line":8,"column":0},"end":{"line":8,"column":32}},"9":{"start":{"line":10,"column":0},"end":{"line":10,"column":50}},"10":{"start":{"line":11,"column":0},"end":{"line":11,"column":38}},"12":{"start":{"line":13,"column":0},"end":{"line":13,"column":43}},"13":{"start":{"line":14,"column":0},"end":{"line":14,"column":45}},"14":{"start":{"line":15,"column":0},"end":{"line":15,"column":34}},"15":{"start":{"line":16,"column":0},"end":{"line":16,"column":43}},"16":{"start":{"line":17,"column":0},"end":{"line":17,"column":1}},"18":{"start":{"line":19,"column":0},"end":{"line":19,"column":46}},"19":{"start":{"line":20,"column":0},"end":{"line":20,"column":40}},"21":{"start":{"line":22,"column":0},"end":{"line":22,"column":31}},"22":{"start":{"line":23,"column":0},"end":{"line":23,"column":23}},"23":{"start":{"line":24,"column":0},"end":{"line":24,"column":35}},"24":{"start":{"line":25,"column":0},"end":{"line":25,"column":11}},"25":{"start":{"line":26,"column":0},"end":{"line":26,"column":49}},"26":{"start":{"line":27,"column":0},"end":{"line":27,"column":26}},"27":{"start":{"line":28,"column":0},"end":{"line":28,"column":51}},"28":{"start":{"line":29,"column":0},"end":{"line":29,"column":3}},"29":{"start":{"line":30,"column":0},"end":{"line":30,"column":47}},"30":{"start":{"line":31,"column":0},"end":{"line":31,"column":44}},"31":{"start":{"line":32,"column":0},"end":{"line":32,"column":1}},"33":{"start":{"line":34,"column":0},"end":{"line":34,"column":28}},"34":{"start":{"line":35,"column":0},"end":{"line":35,"column":20}},"35":{"start":{"line":36,"column":0},"end":{"line":36,"column":35}},"36":{"start":{"line":37,"column":0},"end":{"line":37,"column":11}},"37":{"start":{"line":38,"column":0},"end":{"line":38,"column":43}},"38":{"start":{"line":39,"column":0},"end":{"line":39,"column":26}},"39":{"start":{"line":40,"column":0},"end":{"line":40,"column":57}},"40":{"start":{"line":41,"column":0},"end":{"line":41,"column":3}},"41":{"start":{"line":42,"column":0},"end":{"line":42,"column":47}},"42":{"start":{"line":43,"column":0},"end":{"line":43,"column":44}},"43":{"start":{"line":44,"column":0},"end":{"line":44,"column":1}},"45":{"start":{"line":46,"column":0},"end":{"line":46,"column":43}},"46":{"start":{"line":47,"column":0},"end":{"line":47,"column":44}},"47":{"start":{"line":48,"column":0},"end":{"line":48,"column":82}},"48":{"start":{"line":49,"column":0},"end":{"line":49,"column":1}},"50":{"start":{"line":51,"column":0},"end":{"line":51,"column":40}},"51":{"start":{"line":52,"column":0},"end":{"line":52,"column":41}},"52":{"start":{"line":53,"column":0},"end":{"line":53,"column":79}},"53":{"start":{"line":54,"column":0},"end":{"line":54,"column":1}}},"s":{"4":1,"5":1,"6":1,"7":1,"9":1,"10":1,"12":2,"13":2,"14":2,"15":0,"16":0,"18":1,"19":1,"21":1,"22":9,"23":9,"24":9,"25":9,"26":9,"27":1,"28":1,"29":8,"30":8,"31":8,"33":1,"34":2,"35":2,"36":2,"37":2,"38":2,"39":1,"40":1,"41":1,"42":1,"43":1,"45":1,"46":2,"47":2,"48":2,"50":1,"51":1,"52":1,"53":1},"branchMap":{"0":{"type":"branch","line":13,"loc":{"start":{"line":13,"column":0},"end":{"line":17,"column":1}},"locations":[{"start":{"line":13,"column":0},"end":{"line":17,"column":1}}]},"1":{"type":"branch","line":15,"loc":{"start":{"line":15,"column":30},"end":{"line":17,"column":1}},"locations":[{"start":{"line":15,"column":30},"end":{"line":17,"column":1}}]},"2":{"type":"branch","line":22,"loc":{"start":{"line":22,"column":7},"end":{"line":32,"column":1}},"locations":[{"start":{"line":22,"column":7},"end":{"line":32,"column":1}}]},"3":{"type":"branch","line":27,"loc":{"start":{"line":27,"column":25},"end":{"line":29,"column":3}},"locations":[{"start":{"line":27,"column":25},"end":{"line":29,"column":3}}]},"4":{"type":"branch","line":29,"loc":{"start":{"line":29,"column":2},"end":{"line":32,"column":1}},"locations":[{"start":{"line":29,"column":2},"end":{"line":32,"column":1}}]},"5":{"type":"branch","line":34,"loc":{"start":{"line":34,"column":7},"end":{"line":44,"column":1}},"locations":[{"start":{"line":34,"column":7},"end":{"line":44,"column":1}}]},"6":{"type":"branch","line":39,"loc":{"start":{"line":39,"column":25},"end":{"line":44,"column":1}},"locations":[{"start":{"line":39,"column":25},"end":{"line":44,"column":1}}]},"7":{"type":"branch","line":46,"loc":{"start":{"line":46,"column":7},"end":{"line":49,"column":1}},"locations":[{"start":{"line":46,"column":7},"end":{"line":49,"column":1}}]},"8":{"type":"branch","line":47,"loc":{"start":{"line":47,"column":34},"end":{"line":47,"column":44}},"locations":[{"start":{"line":47,"column":34},"end":{"line":47,"column":44}}]},"9":{"type":"branch","line":48,"loc":{"start":{"line":48,"column":43},"end":{"line":48,"column":73}},"locations":[{"start":{"line":48,"column":43},"end":{"line":48,"column":73}}]},"10":{"type":"branch","line":51,"loc":{"start":{"line":51,"column":7},"end":{"line":54,"column":1}},"locations":[{"start":{"line":51,"column":7},"end":{"line":54,"column":1}}]},"11":{"type":"branch","line":52,"loc":{"start":{"line":52,"column":31},"end":{"line":52,"column":41}},"locations":[{"start":{"line":52,"column":31},"end":{"line":52,"column":41}}]},"12":{"type":"branch","line":53,"loc":{"start":{"line":53,"column":40},"end":{"line":53,"column":70}},"locations":[{"start":{"line":53,"column":40},"end":{"line":53,"column":70}}]}},"b":{"0":[2],"1":[0],"2":[9],"3":[1],"4":[8],"5":[2],"6":[1],"7":[2],"8":[0],"9":[12],"10":[1],"11":[0],"12":[6]},"fnMap":{"0":{"name":"resolveDir","decl":{"start":{"line":13,"column":0},"end":{"line":17,"column":1}},"loc":{"start":{"line":13,"column":0},"end":{"line":17,"column":1}},"line":13},"1":{"name":"renderTemplate","decl":{"start":{"line":22,"column":7},"end":{"line":32,"column":1}},"loc":{"start":{"line":22,"column":7},"end":{"line":32,"column":1}},"line":22},"2":{"name":"renderSkill","decl":{"start":{"line":34,"column":7},"end":{"line":44,"column":1}},"loc":{"start":{"line":34,"column":7},"end":{"line":44,"column":1}},"line":34},"3":{"name":"listTemplates","decl":{"start":{"line":46,"column":7},"end":{"line":49,"column":1}},"loc":{"start":{"line":46,"column":7},"end":{"line":49,"column":1}},"line":46},"4":{"name":"listSkills","decl":{"start":{"line":51,"column":7},"end":{"line":54,"column":1}},"loc":{"start":{"line":51,"column":7},"end":{"line":54,"column":1}},"line":51}},"f":{"0":2,"1":9,"2":2,"3":2,"4":1}}
}
